[2020-03-09 19:01:02.549] [exthost] [info] extension host started
[2020-03-09 19:01:03.541] [exthost] [info] extension host started
[2020-03-09 19:01:03.603] [exthost] [info] ExtensionService#_doActivateExtension HookyQR.beautify {"startup":true,"activationEvent":"*"}
[2020-03-09 19:01:03.603] [exthost] [info] ExtensionService#loadCommonJSModule C:\Users\arkad\.p2\pool\plugins\pack.core.win_3.6.0.201910290238\HookyQR.beautify-1.4.11\extension
[2020-03-09 19:01:03.862] [exthost] [info] ExtensionService#_doActivateExtension christian-kohler.path-intellisense {"startup":true,"activationEvent":"*"}
[2020-03-09 19:01:03.862] [exthost] [info] ExtensionService#loadCommonJSModule C:\Users\arkad\.p2\pool\plugins\pack.core.win_3.6.0.201910290238\christian-kohler.path-intellisense-1.4.2\out\src\extension
[2020-03-09 19:01:03.937] [exthost] [info] ExtensionService#_doActivateExtension dbaeumer.vscode-eslint {"startup":true,"activationEvent":"*"}
[2020-03-09 19:01:03.937] [exthost] [info] ExtensionService#loadCommonJSModule C:\Users\arkad\.p2\pool\plugins\pack.core.win_3.6.0.201910290238\dbaeumer.vscode-eslint-1.9.0\client\out\extension
[2020-03-09 19:01:04.010] [exthost] [info] ExtensionService#_doActivateExtension vscode.debug-auto-launch {"startup":true,"activationEvent":"*"}
[2020-03-09 19:01:04.010] [exthost] [info] ExtensionService#loadCommonJSModule c:\Users\arkad\.p2\pool\plugins\com.genuitec.eclipse.code.engine.app.win32.x86_64_3.6.0.201910290238\engine\resources\app\extensions\debug-auto-launch\dist\extension
[2020-03-09 19:01:04.023] [exthost] [info] ExtensionService#_doActivateExtension vscode.emmet {"startup":true,"activationEvent":"*"}
[2020-03-09 19:01:04.023] [exthost] [info] ExtensionService#loadCommonJSModule c:\Users\arkad\.p2\pool\plugins\com.genuitec.eclipse.code.engine.app.win32.x86_64_3.6.0.201910290238\engine\resources\app\extensions\emmet\dist\extension
[2020-03-09 19:01:04.053] [exthost] [info] ExtensionService#_doActivateExtension formulahendry.auto-close-tag {"startup":true,"activationEvent":"*"}
[2020-03-09 19:01:04.053] [exthost] [info] ExtensionService#loadCommonJSModule C:\Users\arkad\.p2\pool\plugins\pack.core.win_3.6.0.201910290238\formulahendry.auto-close-tag-0.5.6\out\src\extension
[2020-03-09 19:01:04.059] [exthost] [info] ExtensionService#_doActivateExtension vscode.grunt {"startup":false,"activationEvent":"onCommand:workbench.action.tasks.runTask"}
[2020-03-09 19:01:04.059] [exthost] [info] ExtensionService#loadCommonJSModule c:\Users\arkad\.p2\pool\plugins\com.genuitec.eclipse.code.engine.app.win32.x86_64_3.6.0.201910290238\engine\resources\app\extensions\grunt\dist\main
[2020-03-09 19:01:04.072] [exthost] [info] ExtensionService#_doActivateExtension vscode.gulp {"startup":false,"activationEvent":"onCommand:workbench.action.tasks.runTask"}
[2020-03-09 19:01:04.072] [exthost] [info] ExtensionService#loadCommonJSModule c:\Users\arkad\.p2\pool\plugins\com.genuitec.eclipse.code.engine.app.win32.x86_64_3.6.0.201910290238\engine\resources\app\extensions\gulp\dist\main
[2020-03-09 19:01:04.088] [exthost] [info] ExtensionService#_doActivateExtension vscode.jake {"startup":false,"activationEvent":"onCommand:workbench.action.tasks.runTask"}
[2020-03-09 19:01:04.088] [exthost] [info] ExtensionService#loadCommonJSModule c:\Users\arkad\.p2\pool\plugins\com.genuitec.eclipse.code.engine.app.win32.x86_64_3.6.0.201910290238\engine\resources\app\extensions\jake\dist\main
[2020-03-09 19:01:04.101] [exthost] [info] ExtensionService#_doActivateExtension vscode.npm {"startup":false,"activationEvent":"onCommand:workbench.action.tasks.runTask"}
[2020-03-09 19:01:04.101] [exthost] [info] ExtensionService#loadCommonJSModule c:\Users\arkad\.p2\pool\plugins\com.genuitec.eclipse.code.engine.app.win32.x86_64_3.6.0.201910290238\engine\resources\app\extensions\npm\dist\main
[2020-03-09 19:01:04.156] [exthost] [info] ExtensionService#_doActivateExtension vscode.typescript-language-features {"startup":false,"activationEvent":"onCommand:workbench.action.tasks.runTask"}
[2020-03-09 19:01:04.156] [exthost] [info] ExtensionService#loadCommonJSModule c:\Users\arkad\.p2\pool\plugins\com.genuitec.eclipse.code.engine.app.win32.x86_64_3.6.0.201910290238\engine\resources\app\extensions\typescript-language-features\dist\extension
[2020-03-09 19:01:04.329] [exthost] [info] eager extensions activated
